Sink class org.apache.spark.metrics.sink.MetricsServlet cannot be instantiated
Error initializing SparkContext.
java.lang.reflect.InvocationTargetException
	at sun.reflect.NativeConstructorAccessorImpl.newInstance0(Native Method)
	at sun.reflect.NativeConstructorAccessorImpl.newInstance(NativeConstructorAccessorImpl.java:62)
	at sun.reflect.DelegatingConstructorAccessorImpl.newInstance(DelegatingConstructorAccessorImpl.java:45)
	at java.lang.reflect.Constructor.newInstance(Constructor.java:423)
	at org.apache.spark.metrics.MetricsSystem.$anonfun$registerSinks$1(MetricsSystem.scala:206)
	at scala.collection.mutable.HashMap.$anonfun$foreach$1(HashMap.scala:138)
	at scala.collection.mutable.HashTable.foreachEntry(HashTable.scala:236)
	at scala.collection.mutable.HashTable.foreachEntry$(HashTable.scala:229)
	at scala.collection.mutable.HashMap.foreachEntry(HashMap.scala:40)
	at scala.collection.mutable.HashMap.foreach(HashMap.scala:138)
	at org.apache.spark.metrics.MetricsSystem.registerSinks(MetricsSystem.scala:199)
	at org.apache.spark.metrics.MetricsSystem.start(MetricsSystem.scala:103)
	at org.apache.spark.SparkContext.<init>(SparkContext.scala:601)
	at org.apache.spark.SparkContext$.getOrCreate(SparkContext.scala:2690)
	at org.apache.spark.sql.SparkSession$Builder.$anonfun$getOrCreate$2(SparkSession.scala:949)
	at scala.Option.getOrElse(Option.scala:121)
	at org.apache.spark.sql.SparkSession$Builder.getOrCreate(SparkSession.scala:943)
	at com.oys.bigdata.spark.sql.hive.LocalHive$.delayedEndpoint$com$oys$bigdata$spark$sql$hive$LocalHive$1(LocalHive.scala:8)
	at com.oys.bigdata.spark.sql.hive.LocalHive$delayedInit$body.apply(LocalHive.scala:7)
	at scala.Function0.apply$mcV$sp(Function0.scala:34)
	at scala.Function0.apply$mcV$sp$(Function0.scala:34)
	at scala.runtime.AbstractFunction0.apply$mcV$sp(AbstractFunction0.scala:12)
	at scala.App.$anonfun$main$1$adapted(App.scala:76)
	at scala.collection.immutable.List.foreach(List.scala:389)
	at scala.App.main(App.scala:76)
	at scala.App.main$(App.scala:74)
	at com.oys.bigdata.spark.sql.hive.LocalHive$.main(LocalHive.scala:7)
	at com.oys.bigdata.spark.sql.hive.LocalHive.main(LocalHive.scala)
Caused by: java.lang.NoClassDefFoundError: com/fasterxml/jackson/core/util/JacksonFeature
	at com.fasterxml.jackson.databind.ObjectMapper.<init>(ObjectMapper.java:655)
	at com.fasterxml.jackson.databind.ObjectMapper.<init>(ObjectMapper.java:558)
	at org.apache.spark.metrics.sink.MetricsServlet.<init>(MetricsServlet.scala:45)
	... 28 more
Caused by: java.lang.ClassNotFoundException: com.fasterxml.jackson.core.util.JacksonFeature
	at java.net.URLClassLoader.findClass(URLClassLoader.java:387)
	at java.lang.ClassLoader.loadClass(ClassLoader.java:418)
	at sun.misc.Launcher$AppClassLoader.loadClass(Launcher.java:355)
	at java.lang.ClassLoader.loadClass(ClassLoader.java:351)
	... 31 more
Sink class org.apache.spark.metrics.sink.MetricsServlet cannot be instantiated
Error initializing SparkContext.
java.lang.reflect.InvocationTargetException
	at sun.reflect.NativeConstructorAccessorImpl.newInstance0(Native Method)
	at sun.reflect.NativeConstructorAccessorImpl.newInstance(NativeConstructorAccessorImpl.java:62)
	at sun.reflect.DelegatingConstructorAccessorImpl.newInstance(DelegatingConstructorAccessorImpl.java:45)
	at java.lang.reflect.Constructor.newInstance(Constructor.java:423)
	at org.apache.spark.metrics.MetricsSystem.$anonfun$registerSinks$1(MetricsSystem.scala:206)
	at scala.collection.mutable.HashMap.$anonfun$foreach$1(HashMap.scala:138)
	at scala.collection.mutable.HashTable.foreachEntry(HashTable.scala:236)
	at scala.collection.mutable.HashTable.foreachEntry$(HashTable.scala:229)
	at scala.collection.mutable.HashMap.foreachEntry(HashMap.scala:40)
	at scala.collection.mutable.HashMap.foreach(HashMap.scala:138)
	at org.apache.spark.metrics.MetricsSystem.registerSinks(MetricsSystem.scala:199)
	at org.apache.spark.metrics.MetricsSystem.start(MetricsSystem.scala:103)
	at org.apache.spark.SparkContext.<init>(SparkContext.scala:601)
	at org.apache.spark.SparkContext$.getOrCreate(SparkContext.scala:2690)
	at org.apache.spark.sql.SparkSession$Builder.$anonfun$getOrCreate$2(SparkSession.scala:949)
	at scala.Option.getOrElse(Option.scala:121)
	at org.apache.spark.sql.SparkSession$Builder.getOrCreate(SparkSession.scala:943)
	at com.oys.bigdata.spark.sql.hive.LocalHive$.delayedEndpoint$com$oys$bigdata$spark$sql$hive$LocalHive$1(LocalHive.scala:8)
	at com.oys.bigdata.spark.sql.hive.LocalHive$delayedInit$body.apply(LocalHive.scala:7)
	at scala.Function0.apply$mcV$sp(Function0.scala:34)
	at scala.Function0.apply$mcV$sp$(Function0.scala:34)
	at scala.runtime.AbstractFunction0.apply$mcV$sp(AbstractFunction0.scala:12)
	at scala.App.$anonfun$main$1$adapted(App.scala:76)
	at scala.collection.immutable.List.foreach(List.scala:389)
	at scala.App.main(App.scala:76)
	at scala.App.main$(App.scala:74)
	at com.oys.bigdata.spark.sql.hive.LocalHive$.main(LocalHive.scala:7)
	at com.oys.bigdata.spark.sql.hive.LocalHive.main(LocalHive.scala)
Caused by: java.lang.NoClassDefFoundError: com/fasterxml/jackson/core/util/JacksonFeature
	at com.fasterxml.jackson.databind.ObjectMapper.<init>(ObjectMapper.java:655)
	at com.fasterxml.jackson.databind.ObjectMapper.<init>(ObjectMapper.java:558)
	at org.apache.spark.metrics.sink.MetricsServlet.<init>(MetricsServlet.scala:45)
	... 28 more
Caused by: java.lang.ClassNotFoundException: com.fasterxml.jackson.core.util.JacksonFeature
	at java.net.URLClassLoader.findClass(URLClassLoader.java:387)
	at java.lang.ClassLoader.loadClass(ClassLoader.java:418)
	at sun.misc.Launcher$AppClassLoader.loadClass(Launcher.java:355)
	at java.lang.ClassLoader.loadClass(ClassLoader.java:351)
	... 31 more
Sink class org.apache.spark.metrics.sink.MetricsServlet cannot be instantiated
Error initializing SparkContext.
java.lang.reflect.InvocationTargetException
	at sun.reflect.NativeConstructorAccessorImpl.newInstance0(Native Method)
	at sun.reflect.NativeConstructorAccessorImpl.newInstance(NativeConstructorAccessorImpl.java:62)
	at sun.reflect.DelegatingConstructorAccessorImpl.newInstance(DelegatingConstructorAccessorImpl.java:45)
	at java.lang.reflect.Constructor.newInstance(Constructor.java:423)
	at org.apache.spark.metrics.MetricsSystem.$anonfun$registerSinks$1(MetricsSystem.scala:206)
	at scala.collection.mutable.HashMap.$anonfun$foreach$1(HashMap.scala:138)
	at scala.collection.mutable.HashTable.foreachEntry(HashTable.scala:236)
	at scala.collection.mutable.HashTable.foreachEntry$(HashTable.scala:229)
	at scala.collection.mutable.HashMap.foreachEntry(HashMap.scala:40)
	at scala.collection.mutable.HashMap.foreach(HashMap.scala:138)
	at org.apache.spark.metrics.MetricsSystem.registerSinks(MetricsSystem.scala:199)
	at org.apache.spark.metrics.MetricsSystem.start(MetricsSystem.scala:103)
	at org.apache.spark.SparkContext.<init>(SparkContext.scala:601)
	at org.apache.spark.SparkContext$.getOrCreate(SparkContext.scala:2690)
	at org.apache.spark.sql.SparkSession$Builder.$anonfun$getOrCreate$2(SparkSession.scala:949)
	at scala.Option.getOrElse(Option.scala:121)
	at org.apache.spark.sql.SparkSession$Builder.getOrCreate(SparkSession.scala:943)
	at com.oys.bigdata.spark.sql.hive.LocalHive$.delayedEndpoint$com$oys$bigdata$spark$sql$hive$LocalHive$1(LocalHive.scala:8)
	at com.oys.bigdata.spark.sql.hive.LocalHive$delayedInit$body.apply(LocalHive.scala:7)
	at scala.Function0.apply$mcV$sp(Function0.scala:34)
	at scala.Function0.apply$mcV$sp$(Function0.scala:34)
	at scala.runtime.AbstractFunction0.apply$mcV$sp(AbstractFunction0.scala:12)
	at scala.App.$anonfun$main$1$adapted(App.scala:76)
	at scala.collection.immutable.List.foreach(List.scala:389)
	at scala.App.main(App.scala:76)
	at scala.App.main$(App.scala:74)
	at com.oys.bigdata.spark.sql.hive.LocalHive$.main(LocalHive.scala:7)
	at com.oys.bigdata.spark.sql.hive.LocalHive.main(LocalHive.scala)
Caused by: java.lang.NoClassDefFoundError: com/fasterxml/jackson/core/util/JacksonFeature
	at com.fasterxml.jackson.databind.ObjectMapper.<init>(ObjectMapper.java:655)
	at com.fasterxml.jackson.databind.ObjectMapper.<init>(ObjectMapper.java:558)
	at org.apache.spark.metrics.sink.MetricsServlet.<init>(MetricsServlet.scala:45)
	... 28 more
Caused by: java.lang.ClassNotFoundException: com.fasterxml.jackson.core.util.JacksonFeature
	at java.net.URLClassLoader.findClass(URLClassLoader.java:387)
	at java.lang.ClassLoader.loadClass(ClassLoader.java:418)
	at sun.misc.Launcher$AppClassLoader.loadClass(Launcher.java:355)
	at java.lang.ClassLoader.loadClass(ClassLoader.java:351)
	... 31 more
Sink class org.apache.spark.metrics.sink.MetricsServlet cannot be instantiated
Error initializing SparkContext.
java.lang.reflect.InvocationTargetException
	at sun.reflect.NativeConstructorAccessorImpl.newInstance0(Native Method)
	at sun.reflect.NativeConstructorAccessorImpl.newInstance(NativeConstructorAccessorImpl.java:62)
	at sun.reflect.DelegatingConstructorAccessorImpl.newInstance(DelegatingConstructorAccessorImpl.java:45)
	at java.lang.reflect.Constructor.newInstance(Constructor.java:423)
	at org.apache.spark.metrics.MetricsSystem.$anonfun$registerSinks$1(MetricsSystem.scala:206)
	at scala.collection.mutable.HashMap.$anonfun$foreach$1(HashMap.scala:138)
	at scala.collection.mutable.HashTable.foreachEntry(HashTable.scala:236)
	at scala.collection.mutable.HashTable.foreachEntry$(HashTable.scala:229)
	at scala.collection.mutable.HashMap.foreachEntry(HashMap.scala:40)
	at scala.collection.mutable.HashMap.foreach(HashMap.scala:138)
	at org.apache.spark.metrics.MetricsSystem.registerSinks(MetricsSystem.scala:199)
	at org.apache.spark.metrics.MetricsSystem.start(MetricsSystem.scala:103)
	at org.apache.spark.SparkContext.<init>(SparkContext.scala:601)
	at org.apache.spark.SparkContext$.getOrCreate(SparkContext.scala:2690)
	at org.apache.spark.sql.SparkSession$Builder.$anonfun$getOrCreate$2(SparkSession.scala:949)
	at scala.Option.getOrElse(Option.scala:121)
	at org.apache.spark.sql.SparkSession$Builder.getOrCreate(SparkSession.scala:943)
	at com.oys.bigdata.spark.sql.hive.LocalHive$.delayedEndpoint$com$oys$bigdata$spark$sql$hive$LocalHive$1(LocalHive.scala:6)
	at com.oys.bigdata.spark.sql.hive.LocalHive$delayedInit$body.apply(LocalHive.scala:5)
	at scala.Function0.apply$mcV$sp(Function0.scala:34)
	at scala.Function0.apply$mcV$sp$(Function0.scala:34)
	at scala.runtime.AbstractFunction0.apply$mcV$sp(AbstractFunction0.scala:12)
	at scala.App.$anonfun$main$1$adapted(App.scala:76)
	at scala.collection.immutable.List.foreach(List.scala:389)
	at scala.App.main(App.scala:76)
	at scala.App.main$(App.scala:74)
	at com.oys.bigdata.spark.sql.hive.LocalHive$.main(LocalHive.scala:5)
	at com.oys.bigdata.spark.sql.hive.LocalHive.main(LocalHive.scala)
Caused by: java.lang.NoClassDefFoundError: com/fasterxml/jackson/core/util/JacksonFeature
	at com.fasterxml.jackson.databind.ObjectMapper.<init>(ObjectMapper.java:655)
	at com.fasterxml.jackson.databind.ObjectMapper.<init>(ObjectMapper.java:558)
	at org.apache.spark.metrics.sink.MetricsServlet.<init>(MetricsServlet.scala:45)
	... 28 more
Caused by: java.lang.ClassNotFoundException: com.fasterxml.jackson.core.util.JacksonFeature
	at java.net.URLClassLoader.findClass(URLClassLoader.java:387)
	at java.lang.ClassLoader.loadClass(ClassLoader.java:418)
	at sun.misc.Launcher$AppClassLoader.loadClass(Launcher.java:355)
	at java.lang.ClassLoader.loadClass(ClassLoader.java:351)
	... 31 more
Sink class org.apache.spark.metrics.sink.MetricsServlet cannot be instantiated
Error initializing SparkContext.
java.lang.reflect.InvocationTargetException
	at sun.reflect.NativeConstructorAccessorImpl.newInstance0(Native Method)
	at sun.reflect.NativeConstructorAccessorImpl.newInstance(NativeConstructorAccessorImpl.java:62)
	at sun.reflect.DelegatingConstructorAccessorImpl.newInstance(DelegatingConstructorAccessorImpl.java:45)
	at java.lang.reflect.Constructor.newInstance(Constructor.java:423)
	at org.apache.spark.metrics.MetricsSystem.$anonfun$registerSinks$1(MetricsSystem.scala:206)
	at scala.collection.mutable.HashMap.$anonfun$foreach$1(HashMap.scala:138)
	at scala.collection.mutable.HashTable.foreachEntry(HashTable.scala:236)
	at scala.collection.mutable.HashTable.foreachEntry$(HashTable.scala:229)
	at scala.collection.mutable.HashMap.foreachEntry(HashMap.scala:40)
	at scala.collection.mutable.HashMap.foreach(HashMap.scala:138)
	at org.apache.spark.metrics.MetricsSystem.registerSinks(MetricsSystem.scala:199)
	at org.apache.spark.metrics.MetricsSystem.start(MetricsSystem.scala:103)
	at org.apache.spark.SparkContext.<init>(SparkContext.scala:601)
	at org.apache.spark.SparkContext$.getOrCreate(SparkContext.scala:2690)
	at org.apache.spark.sql.SparkSession$Builder.$anonfun$getOrCreate$2(SparkSession.scala:949)
	at scala.Option.getOrElse(Option.scala:121)
	at org.apache.spark.sql.SparkSession$Builder.getOrCreate(SparkSession.scala:943)
	at com.oys.bigdata.spark.sql.hive.LocalHive$.delayedEndpoint$com$oys$bigdata$spark$sql$hive$LocalHive$1(LocalHive.scala:6)
	at com.oys.bigdata.spark.sql.hive.LocalHive$delayedInit$body.apply(LocalHive.scala:5)
	at scala.Function0.apply$mcV$sp(Function0.scala:34)
	at scala.Function0.apply$mcV$sp$(Function0.scala:34)
	at scala.runtime.AbstractFunction0.apply$mcV$sp(AbstractFunction0.scala:12)
	at scala.App.$anonfun$main$1$adapted(App.scala:76)
	at scala.collection.immutable.List.foreach(List.scala:389)
	at scala.App.main(App.scala:76)
	at scala.App.main$(App.scala:74)
	at com.oys.bigdata.spark.sql.hive.LocalHive$.main(LocalHive.scala:5)
	at com.oys.bigdata.spark.sql.hive.LocalHive.main(LocalHive.scala)
Caused by: java.lang.NoClassDefFoundError: com/fasterxml/jackson/core/util/JacksonFeature
	at com.fasterxml.jackson.databind.ObjectMapper.<init>(ObjectMapper.java:655)
	at com.fasterxml.jackson.databind.ObjectMapper.<init>(ObjectMapper.java:558)
	at org.apache.spark.metrics.sink.MetricsServlet.<init>(MetricsServlet.scala:45)
	... 28 more
Caused by: java.lang.ClassNotFoundException: com.fasterxml.jackson.core.util.JacksonFeature
	at java.net.URLClassLoader.findClass(URLClassLoader.java:387)
	at java.lang.ClassLoader.loadClass(ClassLoader.java:418)
	at sun.misc.Launcher$AppClassLoader.loadClass(Launcher.java:355)
	at java.lang.ClassLoader.loadClass(ClassLoader.java:351)
	... 31 more
Sink class org.apache.spark.metrics.sink.MetricsServlet cannot be instantiated
Error initializing SparkContext.
java.lang.reflect.InvocationTargetException
	at sun.reflect.NativeConstructorAccessorImpl.newInstance0(Native Method)
	at sun.reflect.NativeConstructorAccessorImpl.newInstance(NativeConstructorAccessorImpl.java:62)
	at sun.reflect.DelegatingConstructorAccessorImpl.newInstance(DelegatingConstructorAccessorImpl.java:45)
	at java.lang.reflect.Constructor.newInstance(Constructor.java:423)
	at org.apache.spark.metrics.MetricsSystem.$anonfun$registerSinks$1(MetricsSystem.scala:206)
	at scala.collection.mutable.HashMap.$anonfun$foreach$1(HashMap.scala:138)
	at scala.collection.mutable.HashTable.foreachEntry(HashTable.scala:236)
	at scala.collection.mutable.HashTable.foreachEntry$(HashTable.scala:229)
	at scala.collection.mutable.HashMap.foreachEntry(HashMap.scala:40)
	at scala.collection.mutable.HashMap.foreach(HashMap.scala:138)
	at org.apache.spark.metrics.MetricsSystem.registerSinks(MetricsSystem.scala:199)
	at org.apache.spark.metrics.MetricsSystem.start(MetricsSystem.scala:103)
	at org.apache.spark.SparkContext.<init>(SparkContext.scala:601)
	at org.apache.spark.SparkContext$.getOrCreate(SparkContext.scala:2690)
	at org.apache.spark.sql.SparkSession$Builder.$anonfun$getOrCreate$2(SparkSession.scala:949)
	at scala.Option.getOrElse(Option.scala:121)
	at org.apache.spark.sql.SparkSession$Builder.getOrCreate(SparkSession.scala:943)
	at com.oys.bigdata.spark.sql.basic.sql_udf$.main(sql_udf.scala:15)
	at com.oys.bigdata.spark.sql.basic.sql_udf.main(sql_udf.scala)
Caused by: java.lang.NoClassDefFoundError: com/fasterxml/jackson/core/util/JacksonFeature
	at com.fasterxml.jackson.databind.ObjectMapper.<init>(ObjectMapper.java:655)
	at com.fasterxml.jackson.databind.ObjectMapper.<init>(ObjectMapper.java:558)
	at org.apache.spark.metrics.sink.MetricsServlet.<init>(MetricsServlet.scala:45)
	... 19 more
Caused by: java.lang.ClassNotFoundException: com.fasterxml.jackson.core.util.JacksonFeature
	at java.net.URLClassLoader.findClass(URLClassLoader.java:387)
	at java.lang.ClassLoader.loadClass(ClassLoader.java:418)
	at sun.misc.Launcher$AppClassLoader.loadClass(Launcher.java:355)
	at java.lang.ClassLoader.loadClass(ClassLoader.java:351)
	... 22 more
Sink class org.apache.spark.metrics.sink.MetricsServlet cannot be instantiated
Error initializing SparkContext.
java.lang.reflect.InvocationTargetException
	at sun.reflect.NativeConstructorAccessorImpl.newInstance0(Native Method)
	at sun.reflect.NativeConstructorAccessorImpl.newInstance(NativeConstructorAccessorImpl.java:62)
	at sun.reflect.DelegatingConstructorAccessorImpl.newInstance(DelegatingConstructorAccessorImpl.java:45)
	at java.lang.reflect.Constructor.newInstance(Constructor.java:423)
	at org.apache.spark.metrics.MetricsSystem.$anonfun$registerSinks$1(MetricsSystem.scala:206)
	at scala.collection.mutable.HashMap.$anonfun$foreach$1(HashMap.scala:138)
	at scala.collection.mutable.HashTable.foreachEntry(HashTable.scala:236)
	at scala.collection.mutable.HashTable.foreachEntry$(HashTable.scala:229)
	at scala.collection.mutable.HashMap.foreachEntry(HashMap.scala:40)
	at scala.collection.mutable.HashMap.foreach(HashMap.scala:138)
	at org.apache.spark.metrics.MetricsSystem.registerSinks(MetricsSystem.scala:199)
	at org.apache.spark.metrics.MetricsSystem.start(MetricsSystem.scala:103)
	at org.apache.spark.SparkContext.<init>(SparkContext.scala:601)
	at org.apache.spark.SparkContext$.getOrCreate(SparkContext.scala:2690)
	at org.apache.spark.sql.SparkSession$Builder.$anonfun$getOrCreate$2(SparkSession.scala:949)
	at scala.Option.getOrElse(Option.scala:121)
	at org.apache.spark.sql.SparkSession$Builder.getOrCreate(SparkSession.scala:943)
	at com.oys.bigdata.spark.sql.basic.sql01_df$.main(sql01_df.scala:14)
	at com.oys.bigdata.spark.sql.basic.sql01_df.main(sql01_df.scala)
Caused by: java.lang.NoClassDefFoundError: com/fasterxml/jackson/core/util/JacksonFeature
	at com.fasterxml.jackson.databind.ObjectMapper.<init>(ObjectMapper.java:655)
	at com.fasterxml.jackson.databind.ObjectMapper.<init>(ObjectMapper.java:558)
	at org.apache.spark.metrics.sink.MetricsServlet.<init>(MetricsServlet.scala:45)
	... 19 more
Caused by: java.lang.ClassNotFoundException: com.fasterxml.jackson.core.util.JacksonFeature
	at java.net.URLClassLoader.findClass(URLClassLoader.java:387)
	at java.lang.ClassLoader.loadClass(ClassLoader.java:418)
	at sun.misc.Launcher$AppClassLoader.loadClass(Launcher.java:355)
	at java.lang.ClassLoader.loadClass(ClassLoader.java:351)
	... 22 more
Sink class org.apache.spark.metrics.sink.MetricsServlet cannot be instantiated
Error initializing SparkContext.
java.lang.reflect.InvocationTargetException
	at sun.reflect.NativeConstructorAccessorImpl.newInstance0(Native Method)
	at sun.reflect.NativeConstructorAccessorImpl.newInstance(NativeConstructorAccessorImpl.java:62)
	at sun.reflect.DelegatingConstructorAccessorImpl.newInstance(DelegatingConstructorAccessorImpl.java:45)
	at java.lang.reflect.Constructor.newInstance(Constructor.java:423)
	at org.apache.spark.metrics.MetricsSystem.$anonfun$registerSinks$1(MetricsSystem.scala:206)
	at scala.collection.mutable.HashMap.$anonfun$foreach$1(HashMap.scala:138)
	at scala.collection.mutable.HashTable.foreachEntry(HashTable.scala:236)
	at scala.collection.mutable.HashTable.foreachEntry$(HashTable.scala:229)
	at scala.collection.mutable.HashMap.foreachEntry(HashMap.scala:40)
	at scala.collection.mutable.HashMap.foreach(HashMap.scala:138)
	at org.apache.spark.metrics.MetricsSystem.registerSinks(MetricsSystem.scala:199)
	at org.apache.spark.metrics.MetricsSystem.start(MetricsSystem.scala:103)
	at org.apache.spark.SparkContext.<init>(SparkContext.scala:601)
	at com.oys.bigdata.spark.core.rdd.BuildRdd001$.main(BuildRdd001.scala:13)
	at com.oys.bigdata.spark.core.rdd.BuildRdd001.main(BuildRdd001.scala)
Caused by: java.lang.NoClassDefFoundError: com/fasterxml/jackson/core/util/JacksonFeature
	at com.fasterxml.jackson.databind.ObjectMapper.<init>(ObjectMapper.java:655)
	at com.fasterxml.jackson.databind.ObjectMapper.<init>(ObjectMapper.java:558)
	at org.apache.spark.metrics.sink.MetricsServlet.<init>(MetricsServlet.scala:45)
	... 15 more
Caused by: java.lang.ClassNotFoundException: com.fasterxml.jackson.core.util.JacksonFeature
	at java.net.URLClassLoader.findClass(URLClassLoader.java:387)
	at java.lang.ClassLoader.loadClass(ClassLoader.java:418)
	at sun.misc.Launcher$AppClassLoader.loadClass(Launcher.java:355)
	at java.lang.ClassLoader.loadClass(ClassLoader.java:351)
	... 18 more
Sink class org.apache.spark.metrics.sink.MetricsServlet cannot be instantiated
Error initializing SparkContext.
java.lang.reflect.InvocationTargetException
	at sun.reflect.NativeConstructorAccessorImpl.newInstance0(Native Method)
	at sun.reflect.NativeConstructorAccessorImpl.newInstance(NativeConstructorAccessorImpl.java:62)
	at sun.reflect.DelegatingConstructorAccessorImpl.newInstance(DelegatingConstructorAccessorImpl.java:45)
	at java.lang.reflect.Constructor.newInstance(Constructor.java:423)
	at org.apache.spark.metrics.MetricsSystem.$anonfun$registerSinks$1(MetricsSystem.scala:206)
	at scala.collection.mutable.HashMap.$anonfun$foreach$1(HashMap.scala:138)
	at scala.collection.mutable.HashTable.foreachEntry(HashTable.scala:236)
	at scala.collection.mutable.HashTable.foreachEntry$(HashTable.scala:229)
	at scala.collection.mutable.HashMap.foreachEntry(HashMap.scala:40)
	at scala.collection.mutable.HashMap.foreach(HashMap.scala:138)
	at org.apache.spark.metrics.MetricsSystem.registerSinks(MetricsSystem.scala:199)
	at org.apache.spark.metrics.MetricsSystem.start(MetricsSystem.scala:103)
	at org.apache.spark.SparkContext.<init>(SparkContext.scala:601)
	at org.apache.spark.streaming.StreamingContext$.createNewSparkContext(StreamingContext.scala:851)
	at org.apache.spark.streaming.StreamingContext.<init>(StreamingContext.scala:85)
	at com.oys.bigdata.ss.FileworkWordCountApp$.main(FileworkWordCountApp.scala:13)
	at com.oys.bigdata.ss.FileworkWordCountApp.main(FileworkWordCountApp.scala)
Caused by: java.lang.NoClassDefFoundError: com/fasterxml/jackson/core/util/JacksonFeature
	at com.fasterxml.jackson.databind.ObjectMapper.<init>(ObjectMapper.java:655)
	at com.fasterxml.jackson.databind.ObjectMapper.<init>(ObjectMapper.java:558)
	at org.apache.spark.metrics.sink.MetricsServlet.<init>(MetricsServlet.scala:45)
	... 17 more
Caused by: java.lang.ClassNotFoundException: com.fasterxml.jackson.core.util.JacksonFeature
	at java.net.URLClassLoader.findClass(URLClassLoader.java:387)
	at java.lang.ClassLoader.loadClass(ClassLoader.java:418)
	at sun.misc.Launcher$AppClassLoader.loadClass(Launcher.java:355)
	at java.lang.ClassLoader.loadClass(ClassLoader.java:351)
	... 20 more
Sink class org.apache.spark.metrics.sink.MetricsServlet cannot be instantiated
Error initializing SparkContext.
java.lang.reflect.InvocationTargetException
	at sun.reflect.NativeConstructorAccessorImpl.newInstance0(Native Method)
	at sun.reflect.NativeConstructorAccessorImpl.newInstance(NativeConstructorAccessorImpl.java:62)
	at sun.reflect.DelegatingConstructorAccessorImpl.newInstance(DelegatingConstructorAccessorImpl.java:45)
	at java.lang.reflect.Constructor.newInstance(Constructor.java:423)
	at org.apache.spark.metrics.MetricsSystem.$anonfun$registerSinks$1(MetricsSystem.scala:206)
	at scala.collection.mutable.HashMap.$anonfun$foreach$1(HashMap.scala:138)
	at scala.collection.mutable.HashTable.foreachEntry(HashTable.scala:236)
	at scala.collection.mutable.HashTable.foreachEntry$(HashTable.scala:229)
	at scala.collection.mutable.HashMap.foreachEntry(HashMap.scala:40)
	at scala.collection.mutable.HashMap.foreach(HashMap.scala:138)
	at org.apache.spark.metrics.MetricsSystem.registerSinks(MetricsSystem.scala:199)
	at org.apache.spark.metrics.MetricsSystem.start(MetricsSystem.scala:103)
	at org.apache.spark.SparkContext.<init>(SparkContext.scala:601)
	at org.apache.spark.streaming.StreamingContext$.createNewSparkContext(StreamingContext.scala:851)
	at org.apache.spark.streaming.StreamingContext.<init>(StreamingContext.scala:85)
	at com.oys.bigdata.ss.FileworkWordCountApp$.main(FileworkWordCountApp.scala:13)
	at com.oys.bigdata.ss.FileworkWordCountApp.main(FileworkWordCountApp.scala)
Caused by: java.lang.NoClassDefFoundError: com/fasterxml/jackson/core/util/JacksonFeature
	at com.fasterxml.jackson.databind.ObjectMapper.<init>(ObjectMapper.java:655)
	at com.fasterxml.jackson.databind.ObjectMapper.<init>(ObjectMapper.java:558)
	at org.apache.spark.metrics.sink.MetricsServlet.<init>(MetricsServlet.scala:45)
	... 17 more
Caused by: java.lang.ClassNotFoundException: com.fasterxml.jackson.core.util.JacksonFeature
	at java.net.URLClassLoader.findClass(URLClassLoader.java:387)
	at java.lang.ClassLoader.loadClass(ClassLoader.java:418)
	at sun.misc.Launcher$AppClassLoader.loadClass(Launcher.java:355)
	at java.lang.ClassLoader.loadClass(ClassLoader.java:351)
	... 20 more
Sink class org.apache.spark.metrics.sink.MetricsServlet cannot be instantiated
Error initializing SparkContext.
java.lang.reflect.InvocationTargetException
	at sun.reflect.NativeConstructorAccessorImpl.newInstance0(Native Method)
	at sun.reflect.NativeConstructorAccessorImpl.newInstance(NativeConstructorAccessorImpl.java:62)
	at sun.reflect.DelegatingConstructorAccessorImpl.newInstance(DelegatingConstructorAccessorImpl.java:45)
	at java.lang.reflect.Constructor.newInstance(Constructor.java:423)
	at org.apache.spark.metrics.MetricsSystem.$anonfun$registerSinks$1(MetricsSystem.scala:206)
	at scala.collection.mutable.HashMap.$anonfun$foreach$1(HashMap.scala:138)
	at scala.collection.mutable.HashTable.foreachEntry(HashTable.scala:236)
	at scala.collection.mutable.HashTable.foreachEntry$(HashTable.scala:229)
	at scala.collection.mutable.HashMap.foreachEntry(HashMap.scala:40)
	at scala.collection.mutable.HashMap.foreach(HashMap.scala:138)
	at org.apache.spark.metrics.MetricsSystem.registerSinks(MetricsSystem.scala:199)
	at org.apache.spark.metrics.MetricsSystem.start(MetricsSystem.scala:103)
	at org.apache.spark.SparkContext.<init>(SparkContext.scala:601)
	at org.apache.spark.streaming.StreamingContext$.createNewSparkContext(StreamingContext.scala:851)
	at org.apache.spark.streaming.StreamingContext.<init>(StreamingContext.scala:85)
	at com.oys.bigdata.ss.FileworkWordCountApp$.main(FileworkWordCountApp.scala:13)
	at com.oys.bigdata.ss.FileworkWordCountApp.main(FileworkWordCountApp.scala)
Caused by: java.lang.NoClassDefFoundError: com/fasterxml/jackson/core/util/JacksonFeature
	at com.fasterxml.jackson.databind.ObjectMapper.<init>(ObjectMapper.java:655)
	at com.fasterxml.jackson.databind.ObjectMapper.<init>(ObjectMapper.java:558)
	at org.apache.spark.metrics.sink.MetricsServlet.<init>(MetricsServlet.scala:45)
	... 17 more
Caused by: java.lang.ClassNotFoundException: com.fasterxml.jackson.core.util.JacksonFeature
	at java.net.URLClassLoader.findClass(URLClassLoader.java:387)
	at java.lang.ClassLoader.loadClass(ClassLoader.java:418)
	at sun.misc.Launcher$AppClassLoader.loadClass(Launcher.java:355)
	at java.lang.ClassLoader.loadClass(ClassLoader.java:351)
	... 20 more
Sink class org.apache.spark.metrics.sink.MetricsServlet cannot be instantiated
Error initializing SparkContext.
java.lang.reflect.InvocationTargetException
	at sun.reflect.NativeConstructorAccessorImpl.newInstance0(Native Method)
	at sun.reflect.NativeConstructorAccessorImpl.newInstance(NativeConstructorAccessorImpl.java:62)
	at sun.reflect.DelegatingConstructorAccessorImpl.newInstance(DelegatingConstructorAccessorImpl.java:45)
	at java.lang.reflect.Constructor.newInstance(Constructor.java:423)
	at org.apache.spark.metrics.MetricsSystem.$anonfun$registerSinks$1(MetricsSystem.scala:206)
	at scala.collection.mutable.HashMap.$anonfun$foreach$1(HashMap.scala:138)
	at scala.collection.mutable.HashTable.foreachEntry(HashTable.scala:236)
	at scala.collection.mutable.HashTable.foreachEntry$(HashTable.scala:229)
	at scala.collection.mutable.HashMap.foreachEntry(HashMap.scala:40)
	at scala.collection.mutable.HashMap.foreach(HashMap.scala:138)
	at org.apache.spark.metrics.MetricsSystem.registerSinks(MetricsSystem.scala:199)
	at org.apache.spark.metrics.MetricsSystem.start(MetricsSystem.scala:103)
	at org.apache.spark.SparkContext.<init>(SparkContext.scala:601)
	at org.apache.spark.streaming.StreamingContext$.createNewSparkContext(StreamingContext.scala:851)
	at org.apache.spark.streaming.StreamingContext.<init>(StreamingContext.scala:85)
	at com.oys.bigdata.ss.FileworkWordCountApp$.main(FileworkWordCountApp.scala:13)
	at com.oys.bigdata.ss.FileworkWordCountApp.main(FileworkWordCountApp.scala)
Caused by: java.lang.NoClassDefFoundError: com/fasterxml/jackson/core/util/JacksonFeature
	at com.fasterxml.jackson.databind.ObjectMapper.<init>(ObjectMapper.java:655)
	at com.fasterxml.jackson.databind.ObjectMapper.<init>(ObjectMapper.java:558)
	at org.apache.spark.metrics.sink.MetricsServlet.<init>(MetricsServlet.scala:45)
	... 17 more
Caused by: java.lang.ClassNotFoundException: com.fasterxml.jackson.core.util.JacksonFeature
	at java.net.URLClassLoader.findClass(URLClassLoader.java:387)
	at java.lang.ClassLoader.loadClass(ClassLoader.java:418)
	at sun.misc.Launcher$AppClassLoader.loadClass(Launcher.java:355)
	at java.lang.ClassLoader.loadClass(ClassLoader.java:351)
	... 20 more
Sink class org.apache.spark.metrics.sink.MetricsServlet cannot be instantiated
Error initializing SparkContext.
java.lang.reflect.InvocationTargetException
	at sun.reflect.NativeConstructorAccessorImpl.newInstance0(Native Method)
	at sun.reflect.NativeConstructorAccessorImpl.newInstance(NativeConstructorAccessorImpl.java:62)
	at sun.reflect.DelegatingConstructorAccessorImpl.newInstance(DelegatingConstructorAccessorImpl.java:45)
	at java.lang.reflect.Constructor.newInstance(Constructor.java:423)
	at org.apache.spark.metrics.MetricsSystem.$anonfun$registerSinks$1(MetricsSystem.scala:206)
	at scala.collection.mutable.HashMap.$anonfun$foreach$1(HashMap.scala:138)
	at scala.collection.mutable.HashTable.foreachEntry(HashTable.scala:236)
	at scala.collection.mutable.HashTable.foreachEntry$(HashTable.scala:229)
	at scala.collection.mutable.HashMap.foreachEntry(HashMap.scala:40)
	at scala.collection.mutable.HashMap.foreach(HashMap.scala:138)
	at org.apache.spark.metrics.MetricsSystem.registerSinks(MetricsSystem.scala:199)
	at org.apache.spark.metrics.MetricsSystem.start(MetricsSystem.scala:103)
	at org.apache.spark.SparkContext.<init>(SparkContext.scala:601)
	at org.apache.spark.streaming.StreamingContext$.createNewSparkContext(StreamingContext.scala:851)
	at org.apache.spark.streaming.StreamingContext.<init>(StreamingContext.scala:85)
	at com.oys.bigdata.ss.FileworkWordCountApp$.main(FileworkWordCountApp.scala:13)
	at com.oys.bigdata.ss.FileworkWordCountApp.main(FileworkWordCountApp.scala)
Caused by: java.lang.NoClassDefFoundError: com/fasterxml/jackson/core/util/JacksonFeature
	at com.fasterxml.jackson.databind.ObjectMapper.<init>(ObjectMapper.java:655)
	at com.fasterxml.jackson.databind.ObjectMapper.<init>(ObjectMapper.java:558)
	at org.apache.spark.metrics.sink.MetricsServlet.<init>(MetricsServlet.scala:45)
	... 17 more
Caused by: java.lang.ClassNotFoundException: com.fasterxml.jackson.core.util.JacksonFeature
	at java.net.URLClassLoader.findClass(URLClassLoader.java:387)
	at java.lang.ClassLoader.loadClass(ClassLoader.java:418)
	at sun.misc.Launcher$AppClassLoader.loadClass(Launcher.java:355)
	at java.lang.ClassLoader.loadClass(ClassLoader.java:351)
	... 20 more
Sink class org.apache.spark.metrics.sink.MetricsServlet cannot be instantiated
Error initializing SparkContext.
java.lang.reflect.InvocationTargetException
	at sun.reflect.NativeConstructorAccessorImpl.newInstance0(Native Method)
	at sun.reflect.NativeConstructorAccessorImpl.newInstance(NativeConstructorAccessorImpl.java:62)
	at sun.reflect.DelegatingConstructorAccessorImpl.newInstance(DelegatingConstructorAccessorImpl.java:45)
	at java.lang.reflect.Constructor.newInstance(Constructor.java:423)
	at org.apache.spark.metrics.MetricsSystem.$anonfun$registerSinks$1(MetricsSystem.scala:206)
	at scala.collection.mutable.HashMap.$anonfun$foreach$1(HashMap.scala:138)
	at scala.collection.mutable.HashTable.foreachEntry(HashTable.scala:236)
	at scala.collection.mutable.HashTable.foreachEntry$(HashTable.scala:229)
	at scala.collection.mutable.HashMap.foreachEntry(HashMap.scala:40)
	at scala.collection.mutable.HashMap.foreach(HashMap.scala:138)
	at org.apache.spark.metrics.MetricsSystem.registerSinks(MetricsSystem.scala:199)
	at org.apache.spark.metrics.MetricsSystem.start(MetricsSystem.scala:103)
	at org.apache.spark.SparkContext.<init>(SparkContext.scala:601)
	at org.apache.spark.streaming.StreamingContext$.createNewSparkContext(StreamingContext.scala:851)
	at org.apache.spark.streaming.StreamingContext.<init>(StreamingContext.scala:85)
	at com.oys.bigdata.ss.FileworkWordCountApp$.main(FileworkWordCountApp.scala:13)
	at com.oys.bigdata.ss.FileworkWordCountApp.main(FileworkWordCountApp.scala)
Caused by: java.lang.NoClassDefFoundError: com/fasterxml/jackson/core/util/JacksonFeature
	at com.fasterxml.jackson.databind.ObjectMapper.<init>(ObjectMapper.java:655)
	at com.fasterxml.jackson.databind.ObjectMapper.<init>(ObjectMapper.java:558)
	at org.apache.spark.metrics.sink.MetricsServlet.<init>(MetricsServlet.scala:45)
	... 17 more
Caused by: java.lang.ClassNotFoundException: com.fasterxml.jackson.core.util.JacksonFeature
	at java.net.URLClassLoader.findClass(URLClassLoader.java:387)
	at java.lang.ClassLoader.loadClass(ClassLoader.java:418)
	at sun.misc.Launcher$AppClassLoader.loadClass(Launcher.java:355)
	at java.lang.ClassLoader.loadClass(ClassLoader.java:351)
	... 20 more
Sink class org.apache.spark.metrics.sink.MetricsServlet cannot be instantiated
Error initializing SparkContext.
java.lang.reflect.InvocationTargetException
	at sun.reflect.NativeConstructorAccessorImpl.newInstance0(Native Method)
	at sun.reflect.NativeConstructorAccessorImpl.newInstance(NativeConstructorAccessorImpl.java:62)
	at sun.reflect.DelegatingConstructorAccessorImpl.newInstance(DelegatingConstructorAccessorImpl.java:45)
	at java.lang.reflect.Constructor.newInstance(Constructor.java:423)
	at org.apache.spark.metrics.MetricsSystem.$anonfun$registerSinks$1(MetricsSystem.scala:206)
	at scala.collection.mutable.HashMap.$anonfun$foreach$1(HashMap.scala:138)
	at scala.collection.mutable.HashTable.foreachEntry(HashTable.scala:236)
	at scala.collection.mutable.HashTable.foreachEntry$(HashTable.scala:229)
	at scala.collection.mutable.HashMap.foreachEntry(HashMap.scala:40)
	at scala.collection.mutable.HashMap.foreach(HashMap.scala:138)
	at org.apache.spark.metrics.MetricsSystem.registerSinks(MetricsSystem.scala:199)
	at org.apache.spark.metrics.MetricsSystem.start(MetricsSystem.scala:103)
	at org.apache.spark.SparkContext.<init>(SparkContext.scala:601)
	at org.apache.spark.streaming.StreamingContext$.createNewSparkContext(StreamingContext.scala:851)
	at org.apache.spark.streaming.StreamingContext.<init>(StreamingContext.scala:85)
	at com.oys.bigdata.ss.MyReceiver$.main(MyReceiver.scala:22)
	at com.oys.bigdata.ss.MyReceiver.main(MyReceiver.scala)
Caused by: java.lang.NoClassDefFoundError: com/fasterxml/jackson/core/util/JacksonFeature
	at com.fasterxml.jackson.databind.ObjectMapper.<init>(ObjectMapper.java:655)
	at com.fasterxml.jackson.databind.ObjectMapper.<init>(ObjectMapper.java:558)
	at org.apache.spark.metrics.sink.MetricsServlet.<init>(MetricsServlet.scala:45)
	... 17 more
Caused by: java.lang.ClassNotFoundException: com.fasterxml.jackson.core.util.JacksonFeature
	at java.net.URLClassLoader.findClass(URLClassLoader.java:387)
	at java.lang.ClassLoader.loadClass(ClassLoader.java:418)
	at sun.misc.Launcher$AppClassLoader.loadClass(Launcher.java:355)
	at java.lang.ClassLoader.loadClass(ClassLoader.java:351)
	... 20 more
Deregistered receiver for stream 0: Restarting receiver with delay 2000ms: Error connecting to localhost:9999 - java.net.ConnectException: Connection refused (Connection refused)
	at java.net.PlainSocketImpl.socketConnect(Native Method)
	at java.net.AbstractPlainSocketImpl.doConnect(AbstractPlainSocketImpl.java:476)
	at java.net.AbstractPlainSocketImpl.connectToAddress(AbstractPlainSocketImpl.java:218)
	at java.net.AbstractPlainSocketImpl.connect(AbstractPlainSocketImpl.java:200)
	at java.net.SocksSocketImpl.connect(SocksSocketImpl.java:394)
	at java.net.Socket.connect(Socket.java:606)
	at java.net.Socket.connect(Socket.java:555)
	at java.net.Socket.<init>(Socket.java:451)
	at java.net.Socket.<init>(Socket.java:228)
	at org.apache.spark.streaming.dstream.SocketReceiver.onStart(SocketInputDStream.scala:61)
	at org.apache.spark.streaming.receiver.ReceiverSupervisor.startReceiver(ReceiverSupervisor.scala:149)
	at org.apache.spark.streaming.receiver.ReceiverSupervisor.start(ReceiverSupervisor.scala:131)
	at org.apache.spark.streaming.scheduler.ReceiverTracker$ReceiverTrackerEndpoint.$anonfun$startReceiver$1(ReceiverTracker.scala:596)
	at org.apache.spark.streaming.scheduler.ReceiverTracker$ReceiverTrackerEndpoint.$anonfun$startReceiver$1$adapted(ReceiverTracker.scala:586)
	at org.apache.spark.SparkContext.$anonfun$submitJob$1(SparkContext.scala:2363)
	at org.apache.spark.scheduler.ResultTask.runTask(ResultTask.scala:90)
	at org.apache.spark.scheduler.Task.run(Task.scala:131)
	at org.apache.spark.executor.Executor$TaskRunner.$anonfun$run$3(Executor.scala:506)
	at org.apache.spark.util.Utils$.tryWithSafeFinally(Utils.scala:1491)
	at org.apache.spark.executor.Executor$TaskRunner.run(Executor.scala:509)
	at java.util.concurrent.ThreadPoolExecutor.runWorker(ThreadPoolExecutor.java:1149)
	at java.util.concurrent.ThreadPoolExecutor$Worker.run(ThreadPoolExecutor.java:624)
	at java.lang.Thread.run(Thread.java:748)

Deregistered receiver for stream 0: Restarting receiver with delay 2000ms: Error connecting to localhost:9999 - java.net.ConnectException: Connection refused (Connection refused)
	at java.net.PlainSocketImpl.socketConnect(Native Method)
	at java.net.AbstractPlainSocketImpl.doConnect(AbstractPlainSocketImpl.java:476)
	at java.net.AbstractPlainSocketImpl.connectToAddress(AbstractPlainSocketImpl.java:218)
	at java.net.AbstractPlainSocketImpl.connect(AbstractPlainSocketImpl.java:200)
	at java.net.SocksSocketImpl.connect(SocksSocketImpl.java:394)
	at java.net.Socket.connect(Socket.java:606)
	at java.net.Socket.connect(Socket.java:555)
	at java.net.Socket.<init>(Socket.java:451)
	at java.net.Socket.<init>(Socket.java:228)
	at org.apache.spark.streaming.dstream.SocketReceiver.onStart(SocketInputDStream.scala:61)
	at org.apache.spark.streaming.receiver.ReceiverSupervisor.startReceiver(ReceiverSupervisor.scala:149)
	at org.apache.spark.streaming.receiver.ReceiverSupervisor.$anonfun$restartReceiver$1(ReceiverSupervisor.scala:198)
	at scala.runtime.java8.JFunction0$mcV$sp.apply(JFunction0$mcV$sp.java:12)
	at scala.concurrent.Future$.$anonfun$apply$1(Future.scala:655)
	at scala.util.Success.$anonfun$map$1(Try.scala:251)
	at scala.util.Success.map(Try.scala:209)
	at scala.concurrent.Future.$anonfun$map$1(Future.scala:289)
	at scala.concurrent.impl.Promise.liftedTree1$1(Promise.scala:29)
	at scala.concurrent.impl.Promise.$anonfun$transform$1(Promise.scala:29)
	at scala.concurrent.impl.CallbackRunnable.run(Promise.scala:60)
	at java.util.concurrent.ThreadPoolExecutor.runWorker(ThreadPoolExecutor.java:1149)
	at java.util.concurrent.ThreadPoolExecutor$Worker.run(ThreadPoolExecutor.java:624)
	at java.lang.Thread.run(Thread.java:748)

Deregistered receiver for stream 0: Restarting receiver with delay 2000ms: Error connecting to localhost:9999 - java.net.ConnectException: Connection refused (Connection refused)
	at java.net.PlainSocketImpl.socketConnect(Native Method)
	at java.net.AbstractPlainSocketImpl.doConnect(AbstractPlainSocketImpl.java:476)
	at java.net.AbstractPlainSocketImpl.connectToAddress(AbstractPlainSocketImpl.java:218)
	at java.net.AbstractPlainSocketImpl.connect(AbstractPlainSocketImpl.java:200)
	at java.net.SocksSocketImpl.connect(SocksSocketImpl.java:394)
	at java.net.Socket.connect(Socket.java:606)
	at java.net.Socket.connect(Socket.java:555)
	at java.net.Socket.<init>(Socket.java:451)
	at java.net.Socket.<init>(Socket.java:228)
	at org.apache.spark.streaming.dstream.SocketReceiver.onStart(SocketInputDStream.scala:61)
	at org.apache.spark.streaming.receiver.ReceiverSupervisor.startReceiver(ReceiverSupervisor.scala:149)
	at org.apache.spark.streaming.receiver.ReceiverSupervisor.$anonfun$restartReceiver$1(ReceiverSupervisor.scala:198)
	at scala.runtime.java8.JFunction0$mcV$sp.apply(JFunction0$mcV$sp.java:12)
	at scala.concurrent.Future$.$anonfun$apply$1(Future.scala:655)
	at scala.util.Success.$anonfun$map$1(Try.scala:251)
	at scala.util.Success.map(Try.scala:209)
	at scala.concurrent.Future.$anonfun$map$1(Future.scala:289)
	at scala.concurrent.impl.Promise.liftedTree1$1(Promise.scala:29)
	at scala.concurrent.impl.Promise.$anonfun$transform$1(Promise.scala:29)
	at scala.concurrent.impl.CallbackRunnable.run(Promise.scala:60)
	at java.util.concurrent.ThreadPoolExecutor.runWorker(ThreadPoolExecutor.java:1149)
	at java.util.concurrent.ThreadPoolExecutor$Worker.run(ThreadPoolExecutor.java:624)
	at java.lang.Thread.run(Thread.java:748)

Deregistered receiver for stream 0: Restarting receiver with delay 2000ms: Error connecting to localhost:9999 - java.net.ConnectException: Connection refused (Connection refused)
	at java.net.PlainSocketImpl.socketConnect(Native Method)
	at java.net.AbstractPlainSocketImpl.doConnect(AbstractPlainSocketImpl.java:476)
	at java.net.AbstractPlainSocketImpl.connectToAddress(AbstractPlainSocketImpl.java:218)
	at java.net.AbstractPlainSocketImpl.connect(AbstractPlainSocketImpl.java:200)
	at java.net.SocksSocketImpl.connect(SocksSocketImpl.java:394)
	at java.net.Socket.connect(Socket.java:606)
	at java.net.Socket.connect(Socket.java:555)
	at java.net.Socket.<init>(Socket.java:451)
	at java.net.Socket.<init>(Socket.java:228)
	at org.apache.spark.streaming.dstream.SocketReceiver.onStart(SocketInputDStream.scala:61)
	at org.apache.spark.streaming.receiver.ReceiverSupervisor.startReceiver(ReceiverSupervisor.scala:149)
	at org.apache.spark.streaming.receiver.ReceiverSupervisor.$anonfun$restartReceiver$1(ReceiverSupervisor.scala:198)
	at scala.runtime.java8.JFunction0$mcV$sp.apply(JFunction0$mcV$sp.java:12)
	at scala.concurrent.Future$.$anonfun$apply$1(Future.scala:655)
	at scala.util.Success.$anonfun$map$1(Try.scala:251)
	at scala.util.Success.map(Try.scala:209)
	at scala.concurrent.Future.$anonfun$map$1(Future.scala:289)
	at scala.concurrent.impl.Promise.liftedTree1$1(Promise.scala:29)
	at scala.concurrent.impl.Promise.$anonfun$transform$1(Promise.scala:29)
	at scala.concurrent.impl.CallbackRunnable.run(Promise.scala:60)
	at java.util.concurrent.ThreadPoolExecutor.runWorker(ThreadPoolExecutor.java:1149)
	at java.util.concurrent.ThreadPoolExecutor$Worker.run(ThreadPoolExecutor.java:624)
	at java.lang.Thread.run(Thread.java:748)

Deregistered receiver for stream 0: Restarting receiver with delay 2000ms: Error connecting to localhost:9999 - java.net.ConnectException: Connection refused (Connection refused)
	at java.net.PlainSocketImpl.socketConnect(Native Method)
	at java.net.AbstractPlainSocketImpl.doConnect(AbstractPlainSocketImpl.java:476)
	at java.net.AbstractPlainSocketImpl.connectToAddress(AbstractPlainSocketImpl.java:218)
	at java.net.AbstractPlainSocketImpl.connect(AbstractPlainSocketImpl.java:200)
	at java.net.SocksSocketImpl.connect(SocksSocketImpl.java:394)
	at java.net.Socket.connect(Socket.java:606)
	at java.net.Socket.connect(Socket.java:555)
	at java.net.Socket.<init>(Socket.java:451)
	at java.net.Socket.<init>(Socket.java:228)
	at org.apache.spark.streaming.dstream.SocketReceiver.onStart(SocketInputDStream.scala:61)
	at org.apache.spark.streaming.receiver.ReceiverSupervisor.startReceiver(ReceiverSupervisor.scala:149)
	at org.apache.spark.streaming.receiver.ReceiverSupervisor.$anonfun$restartReceiver$1(ReceiverSupervisor.scala:198)
	at scala.runtime.java8.JFunction0$mcV$sp.apply(JFunction0$mcV$sp.java:12)
	at scala.concurrent.Future$.$anonfun$apply$1(Future.scala:655)
	at scala.util.Success.$anonfun$map$1(Try.scala:251)
	at scala.util.Success.map(Try.scala:209)
	at scala.concurrent.Future.$anonfun$map$1(Future.scala:289)
	at scala.concurrent.impl.Promise.liftedTree1$1(Promise.scala:29)
	at scala.concurrent.impl.Promise.$anonfun$transform$1(Promise.scala:29)
	at scala.concurrent.impl.CallbackRunnable.run(Promise.scala:60)
	at java.util.concurrent.ThreadPoolExecutor.runWorker(ThreadPoolExecutor.java:1149)
	at java.util.concurrent.ThreadPoolExecutor$Worker.run(ThreadPoolExecutor.java:624)
	at java.lang.Thread.run(Thread.java:748)

Deregistered receiver for stream 0: Restarting receiver with delay 2000ms: Error connecting to localhost:9999 - java.net.ConnectException: Connection refused (Connection refused)
	at java.net.PlainSocketImpl.socketConnect(Native Method)
	at java.net.AbstractPlainSocketImpl.doConnect(AbstractPlainSocketImpl.java:476)
	at java.net.AbstractPlainSocketImpl.connectToAddress(AbstractPlainSocketImpl.java:218)
	at java.net.AbstractPlainSocketImpl.connect(AbstractPlainSocketImpl.java:200)
	at java.net.SocksSocketImpl.connect(SocksSocketImpl.java:394)
	at java.net.Socket.connect(Socket.java:606)
	at java.net.Socket.connect(Socket.java:555)
	at java.net.Socket.<init>(Socket.java:451)
	at java.net.Socket.<init>(Socket.java:228)
	at org.apache.spark.streaming.dstream.SocketReceiver.onStart(SocketInputDStream.scala:61)
	at org.apache.spark.streaming.receiver.ReceiverSupervisor.startReceiver(ReceiverSupervisor.scala:149)
	at org.apache.spark.streaming.receiver.ReceiverSupervisor.$anonfun$restartReceiver$1(ReceiverSupervisor.scala:198)
	at scala.runtime.java8.JFunction0$mcV$sp.apply(JFunction0$mcV$sp.java:12)
	at scala.concurrent.Future$.$anonfun$apply$1(Future.scala:655)
	at scala.util.Success.$anonfun$map$1(Try.scala:251)
	at scala.util.Success.map(Try.scala:209)
	at scala.concurrent.Future.$anonfun$map$1(Future.scala:289)
	at scala.concurrent.impl.Promise.liftedTree1$1(Promise.scala:29)
	at scala.concurrent.impl.Promise.$anonfun$transform$1(Promise.scala:29)
	at scala.concurrent.impl.CallbackRunnable.run(Promise.scala:60)
	at java.util.concurrent.ThreadPoolExecutor.runWorker(ThreadPoolExecutor.java:1149)
	at java.util.concurrent.ThreadPoolExecutor$Worker.run(ThreadPoolExecutor.java:624)
	at java.lang.Thread.run(Thread.java:748)

Deregistered receiver for stream 0: Restarting receiver with delay 2000ms: Error connecting to localhost:9999 - java.net.ConnectException: Connection refused (Connection refused)
	at java.net.PlainSocketImpl.socketConnect(Native Method)
	at java.net.AbstractPlainSocketImpl.doConnect(AbstractPlainSocketImpl.java:476)
	at java.net.AbstractPlainSocketImpl.connectToAddress(AbstractPlainSocketImpl.java:218)
	at java.net.AbstractPlainSocketImpl.connect(AbstractPlainSocketImpl.java:200)
	at java.net.SocksSocketImpl.connect(SocksSocketImpl.java:394)
	at java.net.Socket.connect(Socket.java:606)
	at java.net.Socket.connect(Socket.java:555)
	at java.net.Socket.<init>(Socket.java:451)
	at java.net.Socket.<init>(Socket.java:228)
	at org.apache.spark.streaming.dstream.SocketReceiver.onStart(SocketInputDStream.scala:61)
	at org.apache.spark.streaming.receiver.ReceiverSupervisor.startReceiver(ReceiverSupervisor.scala:149)
	at org.apache.spark.streaming.receiver.ReceiverSupervisor.$anonfun$restartReceiver$1(ReceiverSupervisor.scala:198)
	at scala.runtime.java8.JFunction0$mcV$sp.apply(JFunction0$mcV$sp.java:12)
	at scala.concurrent.Future$.$anonfun$apply$1(Future.scala:655)
	at scala.util.Success.$anonfun$map$1(Try.scala:251)
	at scala.util.Success.map(Try.scala:209)
	at scala.concurrent.Future.$anonfun$map$1(Future.scala:289)
	at scala.concurrent.impl.Promise.liftedTree1$1(Promise.scala:29)
	at scala.concurrent.impl.Promise.$anonfun$transform$1(Promise.scala:29)
	at scala.concurrent.impl.CallbackRunnable.run(Promise.scala:60)
	at java.util.concurrent.ThreadPoolExecutor.runWorker(ThreadPoolExecutor.java:1149)
	at java.util.concurrent.ThreadPoolExecutor$Worker.run(ThreadPoolExecutor.java:624)
	at java.lang.Thread.run(Thread.java:748)

